<?xml version="1.0" encoding="UTF-8"?>
<testsuite xmlns:xsi="http://www.w3.org/2001/XMLSchema-instance" xsi:noNamespaceSchemaLocation="https://maven.apache.org/surefire/maven-surefire-plugin/xsd/surefire-test-report.xsd" name="by.gstu.project.models.MainTest" time="0.05" tests="9" errors="0" skipped="0" failures="0">
  <properties>
[...]
</properties>
  <testcase name="testAddOrderToClient" classname="by.gstu.project.models.MainTest" time="0.024"/>
  <testcase name="testDeleteOrderFromClient" classname="by.gstu.project.models.MainTest" time="0"/>
  <testcase name="testOrderFragility" classname="by.gstu.project.models.MainTest" time="0.002"/>
  <testcase name="testCourierCreation" classname="by.gstu.project.models.MainTest" time="0.001"/>
  <testcase name="testClientCreation" classname="by.gstu.project.models.MainTest" time="0.001"/>
  <testcase name="testOrderCreation" classname="by.gstu.project.models.MainTest" time="0"/>
  <testcase name="testCourierFiltering" classname="by.gstu.project.models.MainTest" time="0"/>
  <testcase name="testGetAllOrdersFromClient" classname="by.gstu.project.models.MainTest" time="0.001"/>
  <testcase name="testEmptyClientOrders" classname="by.gstu.project.models.MainTest" time="0"/>
</testsuite>